0 info it worked if it ends with ok
1 verbose cli [ 'D:\\nodejs\\node.exe',
1 verbose cli   'D:\\nodejs\\node_modules\\npm\\bin\\npm-cli.js',
1 verbose cli   'install',
1 verbose cli   '--save',
1 verbose cli   '--save-exact',
1 verbose cli   '--loglevel',
1 verbose cli   'error',
1 verbose cli   'react',
1 verbose cli   'react-dom',
1 verbose cli   'react-scripts' ]
2 info using npm@3.10.10
3 info using node@v6.11.0
4 silly loadCurrentTree Starting
5 silly install loadCurrentTree
6 silly install readLocalPackageData
7 silly fetchPackageMetaData react
8 silly fetchPackageMetaData react-dom
9 silly fetchPackageMetaData react-scripts
10 silly fetchNamedPackageData react
11 silly mapToRegistry name react
12 silly mapToRegistry using default registry
13 silly mapToRegistry registry https://registry.npm.taobao.org/
14 silly mapToRegistry data Result {
14 silly mapToRegistry   raw: 'react',
14 silly mapToRegistry   scope: null,
14 silly mapToRegistry   escapedName: 'react',
14 silly mapToRegistry   name: 'react',
14 silly mapToRegistry   rawSpec: '',
14 silly mapToRegistry   spec: 'latest',
14 silly mapToRegistry   type: 'tag' }
15 silly mapToRegistry uri https://registry.npm.taobao.org/react
16 silly fetchNamedPackageData react-dom
17 silly mapToRegistry name react-dom
18 silly mapToRegistry using default registry
19 silly mapToRegistry registry https://registry.npm.taobao.org/
20 silly mapToRegistry data Result {
20 silly mapToRegistry   raw: 'react-dom',
20 silly mapToRegistry   scope: null,
20 silly mapToRegistry   escapedName: 'react-dom',
20 silly mapToRegistry   name: 'react-dom',
20 silly mapToRegistry   rawSpec: '',
20 silly mapToRegistry   spec: 'latest',
20 silly mapToRegistry   type: 'tag' }
21 silly mapToRegistry uri https://registry.npm.taobao.org/react-dom
22 silly fetchNamedPackageData react-scripts
23 silly mapToRegistry name react-scripts
24 silly mapToRegistry using default registry
25 silly mapToRegistry registry https://registry.npm.taobao.org/
26 silly mapToRegistry data Result {
26 silly mapToRegistry   raw: 'react-scripts',
26 silly mapToRegistry   scope: null,
26 silly mapToRegistry   escapedName: 'react-scripts',
26 silly mapToRegistry   name: 'react-scripts',
26 silly mapToRegistry   rawSpec: '',
26 silly mapToRegistry   spec: 'latest',
26 silly mapToRegistry   type: 'tag' }
27 silly mapToRegistry uri https://registry.npm.taobao.org/react-scripts
28 verbose request uri https://registry.npm.taobao.org/react-scripts
29 verbose request no auth needed
30 info attempt registry request try #1 at 18:49:58
31 verbose request id 83fc8e9707056c6d
32 verbose etag "2dafb-yyTAtoi0fpcKOO5XGptHMThpCU8"
33 http request GET https://registry.npm.taobao.org/react-scripts
34 verbose request uri https://registry.npm.taobao.org/react-dom
35 verbose request no auth needed
36 info attempt registry request try #1 at 18:49:58
37 verbose etag "27310-07DG6ZXgKNy3CGXtktCZJStrYiA"
38 http request GET https://registry.npm.taobao.org/react-dom
39 verbose request uri https://registry.npm.taobao.org/react
40 verbose request no auth needed
41 info attempt registry request try #1 at 18:49:58
42 verbose etag "3bcbc-ZeWv8Gn+0WSoFTRQJ3dNf4+dlUk"
43 http request GET https://registry.npm.taobao.org/react
44 http 304 https://registry.npm.taobao.org/react-scripts
45 verbose headers { date: 'Sun, 07 Jan 2018 10:46:20 GMT',
45 verbose headers   connection: 'keep-alive',
45 verbose headers   'x-current-requests': '1',
45 verbose headers   etag: '"2dafb-yyTAtoi0fpcKOO5XGptHMThpCU8"',
45 verbose headers   'x-readtime': '27' }
46 silly get cb [ 304,
46 silly get   { date: 'Sun, 07 Jan 2018 10:46:20 GMT',
46 silly get     connection: 'keep-alive',
46 silly get     'x-current-requests': '1',
46 silly get     etag: '"2dafb-yyTAtoi0fpcKOO5XGptHMThpCU8"',
46 silly get     'x-readtime': '27' } ]
47 verbose etag https://registry.npm.taobao.org/react-scripts from cache
48 verbose get saving react-scripts to D:\nodejs\node_modules\node_cache\registry.npm.taobao.org\react-scripts\.cache.json
49 verbose correctMkdir D:\nodejs\node_modules\node_cache correctMkdir not in flight; initializing
50 verbose stack Error: kill ENOSYS
50 verbose stack     at exports._errnoException (util.js:1018:11)
50 verbose stack     at process.kill (internal/process.js:190:13)
50 verbose stack     at process.listener (D:\nodejs\node_modules\npm\node_modules\npmlog\node_modules\gauge\node_modules\signal-exit\index.js:86:15)
50 verbose stack     at emitNone (events.js:91:20)
50 verbose stack     at process.emit (events.js:185:7)
50 verbose stack     at processEmit (D:\nodejs\node_modules\npm\node_modules\npmlog\node_modules\gauge\node_modules\signal-exit\index.js:146:32)
50 verbose stack     at processEmit (D:\nodejs\node_modules\npm\node_modules\npm-registry-client\node_modules\npmlog\node_modules\gauge\node_modules\signal-exit\index.js:146:32)
50 verbose stack     at Signal.wrap.onsignal (internal/process.js:217:44)
51 verbose cwd E:\program\work-now\test\react\app
52 error Windows_NT 10.0.10586
53 error argv "D:\\nodejs\\node.exe" "D:\\nodejs\\node_modules\\npm\\bin\\npm-cli.js" "install" "--save" "--save-exact" "--loglevel" "error" "react" "react-dom" "react-scripts"
54 error node v6.11.0
55 error npm  v3.10.10
56 error code ENOSYS
57 error errno ENOSYS
58 error syscall kill
59 error kill ENOSYS
60 error If you need help, you may report this error at:
60 error     <https://github.com/npm/npm/issues>
61 verbose exit [ 1, true ]
